SERVICES variable is ignored if EAGER_SERVICE_LOADING=0.
Persistence mode was activated using the DATA_DIR variable. DATA_DIR is deprecated and its value is ignored. The data is instead stored into /var/lib/localstack/state in the LocalStack volume.
2023-03-14T18:45:55.843 DEBUG --- [  MainThread] stevedore.extension        : found extension EntryPoint(name='_patch_botocore_json_parser', value='localstack.aws.client:_patch_botocore_json_parser', group='localstack.hooks.on_infra_start')
2023-03-14T18:45:55.844 DEBUG --- [  MainThread] stevedore.extension        : found extension EntryPoint(name='_publish_config_as_analytics_event', value='localstack.runtime.analytics:_publish_config_as_analytics_event', group='localstack.hooks.on_infra_start')
2023-03-14T18:45:55.844 DEBUG --- [  MainThread] stevedore.extension        : found extension EntryPoint(name='_run_init_scripts_on_start', value='localstack.runtime.init:_run_init_scripts_on_start', group='localstack.hooks.on_infra_start')
2023-03-14T18:45:55.845 DEBUG --- [  MainThread] stevedore.extension        : found extension EntryPoint(name='deprecation_warnings', value='localstack.plugins:deprecation_warnings', group='localstack.hooks.on_infra_start')
2023-03-14T18:45:55.846 DEBUG --- [  MainThread] stevedore.extension        : found extension EntryPoint(name='register_partition_adjusting_proxy_listener', value='localstack.plugins:register_partition_adjusting_proxy_listener', group='localstack.hooks.on_infra_start')
2023-03-14T18:45:55.846 DEBUG --- [  MainThread] stevedore.extension        : found extension EntryPoint(name='_run_dill_patch', value='localstack_ext.bootstrap.pods.plugins:_run_dill_patch', group='localstack.hooks.on_infra_start')
2023-03-14T18:45:55.846 DEBUG --- [  MainThread] stevedore.extension        : found extension EntryPoint(name='add_aws_request_logger', value='localstack_ext.analytics.plugins:add_aws_request_logger', group='localstack.hooks.on_infra_start')
2023-03-14T18:45:55.846 DEBUG --- [  MainThread] stevedore.extension        : found extension EntryPoint(name='add_custom_edge_routes', value='localstack_ext.plugins:add_custom_edge_routes', group='localstack.hooks.on_infra_start')
2023-03-14T18:45:55.849 DEBUG --- [  MainThread] stevedore.extension        : found extension EntryPoint(name='add_iam_enforcement_listener', value='localstack_ext.services.iam.plugins:add_iam_enforcement_listener', group='localstack.hooks.on_infra_start')
2023-03-14T18:45:55.850 DEBUG --- [  MainThread] stevedore.extension        : found extension EntryPoint(name='add_legacy_iam_enforcement_listener', value='localstack_ext.services.iam.plugins:add_legacy_iam_enforcement_listener', group='localstack.hooks.on_infra_start')
2023-03-14T18:45:55.850 DEBUG --- [  MainThread] stevedore.extension        : found extension EntryPoint(name='configure_enterprise', value='localstack_ext.plugins:configure_enterprise', group='localstack.hooks.on_infra_start')
2023-03-14T18:45:55.850 DEBUG --- [  MainThread] stevedore.extension        : found extension EntryPoint(name='deprecation_warnings_pro', value='localstack_ext.plugins:deprecation_warnings_pro', group='localstack.hooks.on_infra_start')
2023-03-14T18:45:55.850 DEBUG --- [  MainThread] stevedore.extension        : found extension EntryPoint(name='extensions_on_infra_start', value='localstack_ext.extensions.plugins:extensions_on_infra_start', group='localstack.hooks.on_infra_start')
2023-03-14T18:45:55.850 DEBUG --- [  MainThread] stevedore.extension        : found extension EntryPoint(name='init_stackinfo_handler', value='localstack_ext.services.internal.stackinfo.plugins:init_stackinfo_handler', group='localstack.hooks.on_infra_start')
2023-03-14T18:45:55.851 DEBUG --- [  MainThread] stevedore.extension        : found extension EntryPoint(name='register_launchpad_api', value='localstack_ext.bootstrap.pods.launchpad.plugins:register_launchpad_api', group='localstack.hooks.on_infra_start')
2023-03-14T18:45:55.853 DEBUG --- [  MainThread] stevedore.extension        : found extension EntryPoint(name='register_public_pods_api', value='localstack_ext.persistence.plugins:register_public_pods_api', group='localstack.hooks.on_infra_start')
2023-03-14T18:45:55.854 DEBUG --- [  MainThread] stevedore.extension        : found extension EntryPoint(name='register_restricted_pods_api', value='localstack_ext.persistence.plugins:register_restricted_pods_api', group='localstack.hooks.on_infra_start')
2023-03-14T18:45:55.854 DEBUG --- [  MainThread] stevedore.extension        : found extension EntryPoint(name='register_state_serializer_handlers', value='localstack_ext.persistence.plugins:register_state_serializer_handlers', group='localstack.hooks.on_infra_start')
2023-03-14T18:45:55.854 DEBUG --- [  MainThread] stevedore.extension        : found extension EntryPoint(name='setup_pro_infra', value='localstack_ext.plugins:setup_pro_infra', group='localstack.hooks.on_infra_start')
2023-03-14T18:45:55.854 DEBUG --- [  MainThread] stevedore.extension        : found extension EntryPoint(name='start_dns_server', value='localstack_ext.plugins:start_dns_server', group='localstack.hooks.on_infra_start')
2023-03-14T18:45:55.854 DEBUG --- [  MainThread] plugin.manager             : instantiating plugin PluginSpec(localstack.hooks.on_infra_start._patch_botocore_json_parser = <function _patch_botocore_json_parser at 0x7f8e9f76fc70>)
2023-03-14T18:45:55.854 DEBUG --- [  MainThread] plugin.manager             : loading plugin localstack.hooks.on_infra_start:_patch_botocore_json_parser
2023-03-14T18:45:55.855 DEBUG --- [  MainThread] plugin.manager             : instantiating plugin PluginSpec(localstack.hooks.on_infra_start._publish_config_as_analytics_event = <function _publish_config_as_analytics_event at 0x7f8e9f76ff40>)
2023-03-14T18:45:55.855 DEBUG --- [  MainThread] plugin.manager             : loading plugin localstack.hooks.on_infra_start:_publish_config_as_analytics_event
2023-03-14T18:45:55.855 DEBUG --- [  MainThread] plugin.manager             : instantiating plugin PluginSpec(localstack.hooks.on_infra_start._run_init_scripts_on_start = <function _run_init_scripts_on_start at 0x7f8e9f794c10>)
2023-03-14T18:45:55.855 DEBUG --- [  MainThread] plugin.manager             : loading plugin localstack.hooks.on_infra_start:_run_init_scripts_on_start
2023-03-14T18:45:55.855 DEBUG --- [  MainThread] plugin.manager             : instantiating plugin PluginSpec(localstack.hooks.on_infra_start.deprecation_warnings = <function deprecation_warnings at 0x7f8e9f7953f0>)
2023-03-14T18:45:55.855 DEBUG --- [  MainThread] plugin.manager             : loading plugin localstack.hooks.on_infra_start:deprecation_warnings
2023-03-14T18:45:55.855 DEBUG --- [  MainThread] plugin.manager             : instantiating plugin PluginSpec(localstack.hooks.on_infra_start.register_partition_adjusting_proxy_listener = <function register_partition_adjusting_proxy_listener at 0x7f8e9f7952d0>)
2023-03-14T18:45:55.855 DEBUG --- [  MainThread] plugin.manager             : plugin localstack.hooks.on_infra_start:register_partition_adjusting_proxy_listener is disabled
2023-03-14T18:45:55.855 DEBUG --- [  MainThread] plugin.manager             : instantiating plugin PluginSpec(localstack.hooks.on_infra_start._run_dill_patch = <function _run_dill_patch at 0x7f8e9f795480>)
2023-03-14T18:45:55.855 DEBUG --- [  MainThread] plugin.manager             : loading plugin localstack.hooks.on_infra_start:_run_dill_patch
2023-03-14T18:45:55.855 DEBUG --- [  MainThread] plugin.manager             : instantiating plugin PluginSpec(localstack.hooks.on_infra_start.add_aws_request_logger = <function add_aws_request_logger at 0x7f8e9f7957e0>)
2023-03-14T18:45:55.855 DEBUG --- [  MainThread] plugin.manager             : plugin localstack.hooks.on_infra_start:add_aws_request_logger is disabled
2023-03-14T18:45:55.855 DEBUG --- [  MainThread] plugin.manager             : instantiating plugin PluginSpec(localstack.hooks.on_infra_start.add_custom_edge_routes = <function add_custom_edge_routes at 0x7f8e9f796cb0>)
2023-03-14T18:45:55.855 DEBUG --- [  MainThread] plugin.manager             : plugin localstack.hooks.on_infra_start:add_custom_edge_routes is disabled
2023-03-14T18:45:55.855 DEBUG --- [  MainThread] plugin.manager             : instantiating plugin PluginSpec(localstack.hooks.on_infra_start.add_iam_enforcement_listener = <function add_iam_enforcement_listener at 0x7f8e9f797e20>)
2023-03-14T18:45:55.855 DEBUG --- [  MainThread] plugin.manager             : plugin localstack.hooks.on_infra_start:add_iam_enforcement_listener is disabled
2023-03-14T18:45:55.855 DEBUG --- [  MainThread] plugin.manager             : instantiating plugin PluginSpec(localstack.hooks.on_infra_start.add_legacy_iam_enforcement_listener = <function add_legacy_iam_enforcement_listener at 0x7f8e9f797c70>)
2023-03-14T18:45:55.855 DEBUG --- [  MainThread] plugin.manager             : plugin localstack.hooks.on_infra_start:add_legacy_iam_enforcement_listener is disabled
2023-03-14T18:45:55.855 DEBUG --- [  MainThread] plugin.manager             : instantiating plugin PluginSpec(localstack.hooks.on_infra_start.configure_enterprise = <function configure_enterprise at 0x7f8e9f797370>)
2023-03-14T18:45:55.856 DEBUG --- [  MainThread] plugin.manager             : plugin localstack.hooks.on_infra_start:configure_enterprise is disabled
2023-03-14T18:45:55.856 DEBUG --- [  MainThread] plugin.manager             : instantiating plugin PluginSpec(localstack.hooks.on_infra_start.deprecation_warnings_pro = <function deprecation_warnings_pro at 0x7f8e9f7977f0>)
2023-03-14T18:45:55.856 DEBUG --- [  MainThread] plugin.manager             : loading plugin localstack.hooks.on_infra_start:deprecation_warnings_pro
2023-03-14T18:45:55.856 DEBUG --- [  MainThread] plugin.manager             : instantiating plugin PluginSpec(localstack.hooks.on_infra_start.extensions_on_infra_start = <function extensions_on_infra_start at 0x7f8e9f7b01f0>)
2023-03-14T18:45:55.856 DEBUG --- [  MainThread] plugin.manager             : plugin localstack.hooks.on_infra_start:extensions_on_infra_start is disabled
2023-03-14T18:45:55.856 DEBUG --- [  MainThread] plugin.manager             : instantiating plugin PluginSpec(localstack.hooks.on_infra_start.init_stackinfo_handler = <function init_stackinfo_handler at 0x7f8e9f7b0820>)
2023-03-14T18:45:55.856 DEBUG --- [  MainThread] plugin.manager             : plugin localstack.hooks.on_infra_start:init_stackinfo_handler is disabled
2023-03-14T18:45:55.856 DEBUG --- [  MainThread] plugin.manager             : instantiating plugin PluginSpec(localstack.hooks.on_infra_start.register_launchpad_api = <function register_launchpad_api at 0x7f8e9f7b1cf0>)
2023-03-14T18:45:55.856 DEBUG --- [  MainThread] plugin.manager             : loading plugin localstack.hooks.on_infra_start:register_launchpad_api
2023-03-14T18:45:55.856 DEBUG --- [  MainThread] plugin.manager             : instantiating plugin PluginSpec(localstack.hooks.on_infra_start.register_public_pods_api = <function register_public_pods_api at 0x7f8e9f7b2290>)
2023-03-14T18:45:55.856 DEBUG --- [  MainThread] plugin.manager             : loading plugin localstack.hooks.on_infra_start:register_public_pods_api
2023-03-14T18:45:55.856 DEBUG --- [  MainThread] plugin.manager             : instantiating plugin PluginSpec(localstack.hooks.on_infra_start.register_restricted_pods_api = <function register_restricted_pods_api at 0x7f8e9f7b2170>)
2023-03-14T18:45:55.856 DEBUG --- [  MainThread] plugin.manager             : plugin localstack.hooks.on_infra_start:register_restricted_pods_api is disabled
2023-03-14T18:45:55.856 DEBUG --- [  MainThread] plugin.manager             : instantiating plugin PluginSpec(localstack.hooks.on_infra_start.register_state_serializer_handlers = <function register_state_serializer_handlers at 0x7f8e9f7b23b0>)
2023-03-14T18:45:55.856 DEBUG --- [  MainThread] plugin.manager             : plugin localstack.hooks.on_infra_start:register_state_serializer_handlers is disabled
2023-03-14T18:45:55.856 DEBUG --- [  MainThread] plugin.manager             : instantiating plugin PluginSpec(localstack.hooks.on_infra_start.setup_pro_infra = <function setup_pro_infra at 0x7f8e9f797490>)
2023-03-14T18:45:55.856 DEBUG --- [  MainThread] plugin.manager             : plugin localstack.hooks.on_infra_start:setup_pro_infra is disabled
2023-03-14T18:45:55.856 DEBUG --- [  MainThread] plugin.manager             : instantiating plugin PluginSpec(localstack.hooks.on_infra_start.start_dns_server = <function start_dns_server at 0x7f8e9f797010>)
2023-03-14T18:45:55.856 DEBUG --- [  MainThread] plugin.manager             : plugin localstack.hooks.on_infra_start:start_dns_server is disabled
2023-03-14T18:45:55.857 DEBUG --- [  MainThread] localstack.runtime.init    : Init scripts discovered: {BOOT: [], START: [], READY: [Script(path='/etc/localstack/init/ready.d/init-aws.sh', stage=READY, state=UNKNOWN)], SHUTDOWN: []}
2023-03-14T18:45:55.858 DEBUG --- [  MainThread] localstack.plugins         : Checking for the usage of deprecated community features and configs...
2023-03-14T18:45:55.858  WARN --- [  MainThread] localstack.deprecations    : DATA_DIR is deprecated (since 1.0.0) and will be removed in upcoming releases of LocalStack! Please use PERSISTENCE instead. The state will be stored in your LocalStack volume in the state/ directory.
2023-03-14T18:45:55.945  WARN --- [  MainThread] l.services.internal        : Enabling diagnose endpoint, please be aware that this can expose sensitive information via your network.
2023-03-14T18:45:56.006 DEBUG --- [  MainThread] l.a.p.service_router       : building service catalog index cache file /var/lib/localstack/cache/service-catalog-1_4_1_dev-1_29_74.pickle
2023-03-14T18:45:57.272 DEBUG --- [  MainThread] localstack.utils.threads   : start_thread called without providing a custom name
2023-03-14T18:45:57.287 DEBUG --- [-functhread4] localstack.utils.ssl       : Attempting to download local SSL certificate file
2023-03-14T18:45:57.503 DEBUG --- [-functhread4] localstack.utils.http      : Starting download from https://github.com/localstack/localstack-artifacts/raw/master/local-certs/server.key to /var/lib/localstack/cache/server.test.pem (5224 bytes)
2023-03-14T18:45:57.510 DEBUG --- [-functhread4] localstack.utils.http      : Done downloading https://github.com/localstack/localstack-artifacts/raw/master/local-certs/server.key, response code 200, total bytes 7742
2023-03-14T18:45:57.516  WARN --- [-functhread5] hypercorn.error            : ASGI Framework Lifespan error, continuing without Lifespan support
2023-03-14T18:45:57.516  WARN --- [-functhread5] hypercorn.error            : ASGI Framework Lifespan error, continuing without Lifespan support
2023-03-14T18:45:57.518  INFO --- [-functhread5] hypercorn.error            : Running on https://0.0.0.0:4566 (CTRL + C to quit)
2023-03-14T18:45:57.518  INFO --- [-functhread5] hypercorn.error            : Running on https://0.0.0.0:4566 (CTRL + C to quit)
2023-03-14T18:45:57.574  INFO --- [  MainThread] localstack.utils.bootstrap : Execution of "start_runtime_components" took 1612.25ms
2023-03-14T18:45:57.575 DEBUG --- [  MainThread] stevedore.extension        : found extension EntryPoint(name='acm:default', value='localstack.services.providers:acm', group='localstack.aws.provider')
2023-03-14T18:45:57.578 DEBUG --- [  MainThread] stevedore.extension        : found extension EntryPoint(name='apigateway:default', value='localstack.services.providers:apigateway', group='localstack.aws.provider')
2023-03-14T18:45:57.578 DEBUG --- [  MainThread] stevedore.extension        : found extension EntryPoint(name='cloudformation:default', value='localstack.services.providers:cloudformation', group='localstack.aws.provider')
2023-03-14T18:45:57.578 DEBUG --- [  MainThread] stevedore.extension        : found extension EntryPoint(name='cloudwatch:default', value='localstack.services.providers:cloudwatch', group='localstack.aws.provider')
2023-03-14T18:45:57.578 DEBUG --- [  MainThread] stevedore.extension        : found extension EntryPoint(name='config:default', value='localstack.services.providers:awsconfig', group='localstack.aws.provider')
2023-03-14T18:45:57.578 DEBUG --- [  MainThread] stevedore.extension        : found extension EntryPoint(name='dynamodb:default', value='localstack.services.providers:dynamodb', group='localstack.aws.provider')
2023-03-14T18:45:57.578 DEBUG --- [  MainThread] stevedore.extension        : found extension EntryPoint(name='dynamodbstreams:default', value='localstack.services.providers:dynamodbstreams', group='localstack.aws.provider')
2023-03-14T18:45:57.578 DEBUG --- [  MainThread] stevedore.extension        : found extension EntryPoint(name='ec2:default', value='localstack.services.providers:ec2', group='localstack.aws.provider')
2023-03-14T18:45:57.578 DEBUG --- [  MainThread] stevedore.extension        : found extension EntryPoint(name='es:default', value='localstack.services.providers:es', group='localstack.aws.provider')
2023-03-14T18:45:57.578 DEBUG --- [  MainThread] stevedore.extension        : found extension EntryPoint(name='events:default', value='localstack.services.providers:events', group='localstack.aws.provider')
2023-03-14T18:45:57.578 DEBUG --- [  MainThread] stevedore.extension        : found extension EntryPoint(name='firehose:default', value='localstack.services.providers:firehose', group='localstack.aws.provider')
2023-03-14T18:45:57.578 DEBUG --- [  MainThread] stevedore.extension        : found extension EntryPoint(name='iam:default', value='localstack.services.providers:iam', group='localstack.aws.provider')
2023-03-14T18:45:57.578 DEBUG --- [  MainThread] stevedore.extension        : found extension EntryPoint(name='kinesis:default', value='localstack.services.providers:kinesis', group='localstack.aws.provider')
2023-03-14T18:45:57.578 DEBUG --- [  MainThread] stevedore.extension        : found extension EntryPoint(name='kms:default', value='localstack.services.providers:kms', group='localstack.aws.provider')
2023-03-14T18:45:57.578 DEBUG --- [  MainThread] stevedore.extension        : found extension EntryPoint(name='lambda:asf', value='localstack.services.providers:awslambda_asf', group='localstack.aws.provider')
2023-03-14T18:45:57.578 DEBUG --- [  MainThread] stevedore.extension        : found extension EntryPoint(name='lambda:default', value='localstack.services.providers:awslambda', group='localstack.aws.provider')
2023-03-14T18:45:57.578 DEBUG --- [  MainThread] stevedore.extension        : found extension EntryPoint(name='lambda:v2', value='localstack.services.providers:awslambda_v2', group='localstack.aws.provider')
2023-03-14T18:45:57.578 DEBUG --- [  MainThread] stevedore.extension        : found extension EntryPoint(name='logs:default', value='localstack.services.providers:logs', group='localstack.aws.provider')
2023-03-14T18:45:57.578 DEBUG --- [  MainThread] stevedore.extension        : found extension EntryPoint(name='opensearch:default', value='localstack.services.providers:opensearch', group='localstack.aws.provider')
2023-03-14T18:45:57.579 DEBUG --- [  MainThread] stevedore.extension        : found extension EntryPoint(name='redshift:default', value='localstack.services.providers:redshift', group='localstack.aws.provider')
2023-03-14T18:45:57.579 DEBUG --- [  MainThread] stevedore.extension        : found extension EntryPoint(name='resource-groups:default', value='localstack.services.providers:resource_groups', group='localstack.aws.provider')
2023-03-14T18:45:57.579 DEBUG --- [  MainThread] stevedore.extension        : found extension EntryPoint(name='resourcegroupstaggingapi:default', value='localstack.services.providers:resourcegroupstaggingapi', group='localstack.aws.provider')
2023-03-14T18:45:57.579 DEBUG --- [  MainThread] stevedore.extension        : found extension EntryPoint(name='route53:default', value='localstack.services.providers:route53', group='localstack.aws.provider')
2023-03-14T18:45:57.579 DEBUG --- [  MainThread] stevedore.extension        : found extension EntryPoint(name='route53resolver:default', value='localstack.services.providers:route53resolver', group='localstack.aws.provider')
2023-03-14T18:45:57.579 DEBUG --- [  MainThread] stevedore.extension        : found extension EntryPoint(name='s3:asf', value='localstack.services.providers:s3_asf', group='localstack.aws.provider')
2023-03-14T18:45:57.579 DEBUG --- [  MainThread] stevedore.extension        : found extension EntryPoint(name='s3:default', value='localstack.services.providers:s3', group='localstack.aws.provider')
2023-03-14T18:45:57.579 DEBUG --- [  MainThread] stevedore.extension        : found extension EntryPoint(name='s3:v2', value='localstack.services.providers:s3_v2', group='localstack.aws.provider')
2023-03-14T18:45:57.579 DEBUG --- [  MainThread] stevedore.extension        : found extension EntryPoint(name='s3control:default', value='localstack.services.providers:s3control', group='localstack.aws.provider')
2023-03-14T18:45:57.579 DEBUG --- [  MainThread] stevedore.extension        : found extension EntryPoint(name='secretsmanager:default', value='localstack.services.providers:secretsmanager', group='localstack.aws.provider')
2023-03-14T18:45:57.579 DEBUG --- [  MainThread] stevedore.extension        : found extension EntryPoint(name='ses:default', value='localstack.services.providers:ses', group='localstack.aws.provider')
2023-03-14T18:45:57.579 DEBUG --- [  MainThread] stevedore.extension        : found extension EntryPoint(name='sns:default', value='localstack.services.providers:sns', group='localstack.aws.provider')
2023-03-14T18:45:57.579 DEBUG --- [  MainThread] stevedore.extension        : found extension EntryPoint(name='sqs:default', value='localstack.services.providers:sqs', group='localstack.aws.provider')
2023-03-14T18:45:57.579 DEBUG --- [  MainThread] stevedore.extension        : found extension EntryPoint(name='ssm:default', value='localstack.services.providers:ssm', group='localstack.aws.provider')
2023-03-14T18:45:57.579 DEBUG --- [  MainThread] stevedore.extension        : found extension EntryPoint(name='stepfunctions:default', value='localstack.services.providers:stepfunctions', group='localstack.aws.provider')
2023-03-14T18:45:57.579 DEBUG --- [  MainThread] stevedore.extension        : found extension EntryPoint(name='stepfunctions:v2', value='localstack.services.providers:stepfunctions_v2', group='localstack.aws.provider')
2023-03-14T18:45:57.580 DEBUG --- [  MainThread] stevedore.extension        : found extension EntryPoint(name='sts:default', value='localstack.services.providers:sts', group='localstack.aws.provider')
2023-03-14T18:45:57.580 DEBUG --- [  MainThread] stevedore.extension        : found extension EntryPoint(name='support:default', value='localstack.services.providers:support', group='localstack.aws.provider')
2023-03-14T18:45:57.580 DEBUG --- [  MainThread] stevedore.extension        : found extension EntryPoint(name='swf:default', value='localstack.services.providers:swf', group='localstack.aws.provider')
2023-03-14T18:45:57.580 DEBUG --- [  MainThread] stevedore.extension        : found extension EntryPoint(name='transcribe:default', value='localstack.services.providers:transcribe', group='localstack.aws.provider')
2023-03-14T18:45:57.580 DEBUG --- [  MainThread] stevedore.extension        : found extension EntryPoint(name='acm:pro', value='localstack_ext.providers:acm', group='localstack.aws.provider')
2023-03-14T18:45:57.581 DEBUG --- [  MainThread] stevedore.extension        : found extension EntryPoint(name='amplify:pro', value='localstack_ext.providers:amplify', group='localstack.aws.provider')
2023-03-14T18:45:57.581 DEBUG --- [  MainThread] stevedore.extension        : found extension EntryPoint(name='apigateway:pro', value='localstack_ext.providers:apigateway', group='localstack.aws.provider')
2023-03-14T18:45:57.581 DEBUG --- [  MainThread] stevedore.extension        : found extension EntryPoint(name='apigatewaymanagementapi:pro', value='localstack_ext.providers:apigatewaymanagementapi', group='localstack.aws.provider')
2023-03-14T18:45:57.581 DEBUG --- [  MainThread] stevedore.extension        : found extension EntryPoint(name='apigatewayv2:pro', value='localstack_ext.providers:apigatewayv2', group='localstack.aws.provider')
2023-03-14T18:45:57.581 DEBUG --- [  MainThread] stevedore.extension        : found extension EntryPoint(name='appconfig:pro', value='localstack_ext.providers:appconfig', group='localstack.aws.provider')
2023-03-14T18:45:57.581 DEBUG --- [  MainThread] stevedore.extension        : found extension EntryPoint(name='application-autoscaling:pro', value='localstack_ext.providers:application_autoscaling', group='localstack.aws.provider')
2023-03-14T18:45:57.581 DEBUG --- [  MainThread] stevedore.extension        : found extension EntryPoint(name='appsync:pro', value='localstack_ext.providers:appsync', group='localstack.aws.provider')
2023-03-14T18:45:57.581 DEBUG --- [  MainThread] stevedore.extension        : found extension EntryPoint(name='athena:pro', value='localstack_ext.providers:athena', group='localstack.aws.provider')
2023-03-14T18:45:57.581 DEBUG --- [  MainThread] stevedore.extension        : found extension EntryPoint(name='autoscaling:pro', value='localstack_ext.providers:autoscaling', group='localstack.aws.provider')
2023-03-14T18:45:57.581 DEBUG --- [  MainThread] stevedore.extension        : found extension EntryPoint(name='azure:pro', value='localstack_ext.providers:azure', group='localstack.aws.provider')
2023-03-14T18:45:57.581 DEBUG --- [  MainThread] stevedore.extension        : found extension EntryPoint(name='backup:pro', value='localstack_ext.providers:backup', group='localstack.aws.provider')
2023-03-14T18:45:57.581 DEBUG --- [  MainThread] stevedore.extension        : found extension EntryPoint(name='batch:pro', value='localstack_ext.providers:batch', group='localstack.aws.provider')
2023-03-14T18:45:57.581 DEBUG --- [  MainThread] stevedore.extension        : found extension EntryPoint(name='ce:pro', value='localstack_ext.providers:ce', group='localstack.aws.provider')
2023-03-14T18:45:57.581 DEBUG --- [  MainThread] stevedore.extension        : found extension EntryPoint(name='cloudformation:pro', value='localstack_ext.providers:cloudformation', group='localstack.aws.provider')
2023-03-14T18:45:57.581 DEBUG --- [  MainThread] stevedore.extension        : found extension EntryPoint(name='cloudfront:pro', value='localstack_ext.providers:cloudfront', group='localstack.aws.provider')
2023-03-14T18:45:57.581 DEBUG --- [  MainThread] stevedore.extension        : found extension EntryPoint(name='cloudtrail:pro', value='localstack_ext.providers:cloudtrail', group='localstack.aws.provider')
2023-03-14T18:45:57.581 DEBUG --- [  MainThread] stevedore.extension        : found extension EntryPoint(name='cloudwatch:pro', value='localstack_ext.providers:cloudwatch', group='localstack.aws.provider')
2023-03-14T18:45:57.581 DEBUG --- [  MainThread] stevedore.extension        : found extension EntryPoint(name='codecommit:pro', value='localstack_ext.providers:codecommit', group='localstack.aws.provider')
2023-03-14T18:45:57.581 DEBUG --- [  MainThread] stevedore.extension        : found extension EntryPoint(name='cognito-identity:pro', value='localstack_ext.providers:cognito_identity', group='localstack.aws.provider')
2023-03-14T18:45:57.582 DEBUG --- [  MainThread] stevedore.extension        : found extension EntryPoint(name='cognito-idp:pro', value='localstack_ext.providers:cognito_idp', group='localstack.aws.provider')
2023-03-14T18:45:57.582 DEBUG --- [  MainThread] stevedore.extension        : found extension EntryPoint(name='docdb:pro', value='localstack_ext.providers:docdb', group='localstack.aws.provider')
2023-03-14T18:45:57.582 DEBUG --- [  MainThread] stevedore.extension        : found extension EntryPoint(name='dynamodb:pro', value='localstack_ext.providers:dynamodb', group='localstack.aws.provider')
2023-03-14T18:45:57.582 DEBUG --- [  MainThread] stevedore.extension        : found extension EntryPoint(name='dynamodbstreams:pro', value='localstack_ext.providers:dynamodbstreams', group='localstack.aws.provider')
2023-03-14T18:45:57.582 DEBUG --- [  MainThread] stevedore.extension        : found extension EntryPoint(name='ec2:pro', value='localstack_ext.providers:ec2', group='localstack.aws.provider')
2023-03-14T18:45:57.582 DEBUG --- [  MainThread] stevedore.extension        : found extension EntryPoint(name='ecr:pro', value='localstack_ext.providers:ecr', group='localstack.aws.provider')
2023-03-14T18:45:57.582 DEBUG --- [  MainThread] stevedore.extension        : found extension EntryPoint(name='ecs:pro', value='localstack_ext.providers:ecs', group='localstack.aws.provider')
2023-03-14T18:45:57.582 DEBUG --- [  MainThread] stevedore.extension        : found extension EntryPoint(name='efs:pro', value='localstack_ext.providers:efs', group='localstack.aws.provider')
2023-03-14T18:45:57.582 DEBUG --- [  MainThread] stevedore.extension        : found extension EntryPoint(name='eks:mock', value='localstack_ext.providers:eks_mock', group='localstack.aws.provider')
2023-03-14T18:45:57.582 DEBUG --- [  MainThread] stevedore.extension        : found extension EntryPoint(name='eks:pro', value='localstack_ext.providers:eks', group='localstack.aws.provider')
2023-03-14T18:45:57.582 DEBUG --- [  MainThread] stevedore.extension        : found extension EntryPoint(name='elasticache:pro', value='localstack_ext.providers:elasticache', group='localstack.aws.provider')
2023-03-14T18:45:57.582 DEBUG --- [  MainThread] stevedore.extension        : found extension EntryPoint(name='elasticbeanstalk:pro', value='localstack_ext.providers:elasticbeanstalk', group='localstack.aws.provider')
2023-03-14T18:45:57.582 DEBUG --- [  MainThread] stevedore.extension        : found extension EntryPoint(name='elb:pro', value='localstack_ext.providers:elb', group='localstack.aws.provider')
2023-03-14T18:45:57.582 DEBUG --- [  MainThread] stevedore.extension        : found extension EntryPoint(name='elbv2:pro', value='localstack_ext.providers:elbv2', group='localstack.aws.provider')
2023-03-14T18:45:57.582 DEBUG --- [  MainThread] stevedore.extension        : found extension EntryPoint(name='emr:pro', value='localstack_ext.providers:emr', group='localstack.aws.provider')
2023-03-14T18:45:57.582 DEBUG --- [  MainThread] stevedore.extension        : found extension EntryPoint(name='events:pro', value='localstack_ext.providers:events', group='localstack.aws.provider')
2023-03-14T18:45:57.582 DEBUG --- [  MainThread] stevedore.extension        : found extension EntryPoint(name='fis:pro', value='localstack_ext.providers:fis', group='localstack.aws.provider')
2023-03-14T18:45:57.583 DEBUG --- [  MainThread] stevedore.extension        : found extension EntryPoint(name='glacier:pro', value='localstack_ext.providers:glacier', group='localstack.aws.provider')
2023-03-14T18:45:57.583 DEBUG --- [  MainThread] stevedore.extension        : found extension EntryPoint(name='glue:pro', value='localstack_ext.providers:glue', group='localstack.aws.provider')
2023-03-14T18:45:57.583 DEBUG --- [  MainThread] stevedore.extension        : found extension EntryPoint(name='iam:pro', value='localstack_ext.providers:iam', group='localstack.aws.provider')
2023-03-14T18:45:57.583 DEBUG --- [  MainThread] stevedore.extension        : found extension EntryPoint(name='iot-data:pro', value='localstack_ext.providers:iot_data', group='localstack.aws.provider')
2023-03-14T18:45:57.583 DEBUG --- [  MainThread] stevedore.extension        : found extension EntryPoint(name='iot:pro', value='localstack_ext.providers:iot', group='localstack.aws.provider')
2023-03-14T18:45:57.583 DEBUG --- [  MainThread] stevedore.extension        : found extension EntryPoint(name='iotanalytics:pro', value='localstack_ext.providers:iotanalytics', group='localstack.aws.provider')
2023-03-14T18:45:57.583 DEBUG --- [  MainThread] stevedore.extension        : found extension EntryPoint(name='iotwireless:pro', value='localstack_ext.providers:iotwireless', group='localstack.aws.provider')
2023-03-14T18:45:57.583 DEBUG --- [  MainThread] stevedore.extension        : found extension EntryPoint(name='kafka:pro', value='localstack_ext.providers:kafka', group='localstack.aws.provider')
2023-03-14T18:45:57.583 DEBUG --- [  MainThread] stevedore.extension        : found extension EntryPoint(name='kinesis:pro', value='localstack_ext.providers:kinesis', group='localstack.aws.provider')
2023-03-14T18:45:57.583 DEBUG --- [  MainThread] stevedore.extension        : found extension EntryPoint(name='kinesisanalytics:pro', value='localstack_ext.providers:kinesisanalytics', group='localstack.aws.provider')
2023-03-14T18:45:57.583 DEBUG --- [  MainThread] stevedore.extension        : found extension EntryPoint(name='kinesisanalyticsv2:pro', value='localstack_ext.providers:kinesisanalyticsv2', group='localstack.aws.provider')
2023-03-14T18:45:57.583 DEBUG --- [  MainThread] stevedore.extension        : found extension EntryPoint(name='kms:pro', value='localstack_ext.providers:kms', group='localstack.aws.provider')
2023-03-14T18:45:57.583 DEBUG --- [  MainThread] stevedore.extension        : found extension EntryPoint(name='lakeformation:pro', value='localstack_ext.providers:lakeformation', group='localstack.aws.provider')
2023-03-14T18:45:57.583 DEBUG --- [  MainThread] stevedore.extension        : found extension EntryPoint(name='lambda:asf_pro', value='localstack_ext.providers:lambda_asf', group='localstack.aws.provider')
2023-03-14T18:45:57.583 DEBUG --- [  MainThread] stevedore.extension        : found extension EntryPoint(name='lambda:pro', value='localstack_ext.providers:awslambda', group='localstack.aws.provider')
2023-03-14T18:45:57.583 DEBUG --- [  MainThread] stevedore.extension        : found extension EntryPoint(name='lambda:v2_pro', value='localstack_ext.providers:lambda_v2', group='localstack.aws.provider')
2023-03-14T18:45:57.583 DEBUG --- [  MainThread] stevedore.extension        : found extension EntryPoint(name='logs:pro', value='localstack_ext.providers:logs', group='localstack.aws.provider')
2023-03-14T18:45:57.583 DEBUG --- [  MainThread] stevedore.extension        : found extension EntryPoint(name='mediastore-data:pro', value='localstack_ext.providers:mediastore_data', group='localstack.aws.provider')
2023-03-14T18:45:57.584 DEBUG --- [  MainThread] stevedore.extension        : found extension EntryPoint(name='mediastore:pro', value='localstack_ext.providers:mediastore', group='localstack.aws.provider')
2023-03-14T18:45:57.584 DEBUG --- [  MainThread] stevedore.extension        : found extension EntryPoint(name='mq:pro', value='localstack_ext.providers:mq', group='localstack.aws.provider')
2023-03-14T18:45:57.584 DEBUG --- [  MainThread] stevedore.extension        : found extension EntryPoint(name='mwaa:pro', value='localstack_ext.providers:mwaa', group='localstack.aws.provider')
2023-03-14T18:45:57.584 DEBUG --- [  MainThread] stevedore.extension        : found extension EntryPoint(name='neptune:pro', value='localstack_ext.providers:neptune', group='localstack.aws.provider')
2023-03-14T18:45:57.584 DEBUG --- [  MainThread] stevedore.extension        : found extension EntryPoint(name='opensearch:pro', value='localstack_ext.providers:opensearch', group='localstack.aws.provider')
2023-03-14T18:45:57.584 DEBUG --- [  MainThread] stevedore.extension        : found extension EntryPoint(name='organizations:pro', value='localstack_ext.providers:organizations', group='localstack.aws.provider')
2023-03-14T18:45:57.584 DEBUG --- [  MainThread] stevedore.extension        : found extension EntryPoint(name='qldb-session:pro', value='localstack_ext.providers:qldb_session', group='localstack.aws.provider')
2023-03-14T18:45:57.584 DEBUG --- [  MainThread] stevedore.extension        : found extension EntryPoint(name='qldb:pro', value='localstack_ext.providers:qldb', group='localstack.aws.provider')
2023-03-14T18:45:57.584 DEBUG --- [  MainThread] stevedore.extension        : found extension EntryPoint(name='rds-data:pro', value='localstack_ext.providers:rds_data', group='localstack.aws.provider')
2023-03-14T18:45:57.584 DEBUG --- [  MainThread] stevedore.extension        : found extension EntryPoint(name='rds:pro', value='localstack_ext.providers:rds', group='localstack.aws.provider')
2023-03-14T18:45:57.584 DEBUG --- [  MainThread] stevedore.extension        : found extension EntryPoint(name='redshift-data:pro', value='localstack_ext.providers:redshift_data', group='localstack.aws.provider')
2023-03-14T18:45:57.584 DEBUG --- [  MainThread] stevedore.extension        : found extension EntryPoint(name='redshift:pro', value='localstack_ext.providers:redshift', group='localstack.aws.provider')
2023-03-14T18:45:57.584 DEBUG --- [  MainThread] stevedore.extension        : found extension EntryPoint(name='route53:pro', value='localstack_ext.providers:route53', group='localstack.aws.provider')
2023-03-14T18:45:57.584 DEBUG --- [  MainThread] stevedore.extension        : found extension EntryPoint(name='s3:asf_pro', value='localstack_ext.providers:s3_asf', group='localstack.aws.provider')
2023-03-14T18:45:57.584 DEBUG --- [  MainThread] stevedore.extension        : found extension EntryPoint(name='s3:pro', value='localstack_ext.providers:s3', group='localstack.aws.provider')
2023-03-14T18:45:57.585 DEBUG --- [  MainThread] stevedore.extension        : found extension EntryPoint(name='s3:v2_pro', value='localstack_ext.providers:s3_v2', group='localstack.aws.provider')
2023-03-14T18:45:57.585 DEBUG --- [  MainThread] stevedore.extension        : found extension EntryPoint(name='sagemaker-runtime:pro', value='localstack_ext.providers:sagemaker_runtime', group='localstack.aws.provider')
2023-03-14T18:45:57.585 DEBUG --- [  MainThread] stevedore.extension        : found extension EntryPoint(name='sagemaker:pro', value='localstack_ext.providers:sagemaker', group='localstack.aws.provider')
2023-03-14T18:45:57.585 DEBUG --- [  MainThread] stevedore.extension        : found extension EntryPoint(name='secretsmanager:pro', value='localstack_ext.providers:secretsmanager', group='localstack.aws.provider')
2023-03-14T18:45:57.585 DEBUG --- [  MainThread] stevedore.extension        : found extension EntryPoint(name='serverlessrepo:pro', value='localstack_ext.providers:serverlessrepo', group='localstack.aws.provider')
2023-03-14T18:45:57.585 DEBUG --- [  MainThread] stevedore.extension        : found extension EntryPoint(name='servicediscovery:pro', value='localstack_ext.providers:servicediscovery', group='localstack.aws.provider')
2023-03-14T18:45:57.585 DEBUG --- [  MainThread] stevedore.extension        : found extension EntryPoint(name='ses:pro', value='localstack_ext.providers:ses', group='localstack.aws.provider')
2023-03-14T18:45:57.585 DEBUG --- [  MainThread] stevedore.extension        : found extension EntryPoint(name='sesv2:pro', value='localstack_ext.providers:sesv2', group='localstack.aws.provider')
2023-03-14T18:45:57.585 DEBUG --- [  MainThread] stevedore.extension        : found extension EntryPoint(name='sns:pro', value='localstack_ext.providers:sns', group='localstack.aws.provider')
2023-03-14T18:45:57.585 DEBUG --- [  MainThread] stevedore.extension        : found extension EntryPoint(name='sqs:pro', value='localstack_ext.providers:sqs', group='localstack.aws.provider')
2023-03-14T18:45:57.585 DEBUG --- [  MainThread] stevedore.extension        : found extension EntryPoint(name='ssm:pro', value='localstack_ext.providers:ssm', group='localstack.aws.provider')
2023-03-14T18:45:57.585 DEBUG --- [  MainThread] stevedore.extension        : found extension EntryPoint(name='stepfunctions:pro', value='localstack_ext.providers:stepfunctions', group='localstack.aws.provider')
2023-03-14T18:45:57.585 DEBUG --- [  MainThread] stevedore.extension        : found extension EntryPoint(name='sts:pro', value='localstack_ext.providers:sts', group='localstack.aws.provider')
2023-03-14T18:45:57.586 DEBUG --- [  MainThread] stevedore.extension        : found extension EntryPoint(name='timestream-query:pro', value='localstack_ext.providers:timestream_query', group='localstack.aws.provider')
2023-03-14T18:45:57.586 DEBUG --- [  MainThread] stevedore.extension        : found extension EntryPoint(name='timestream-write:pro', value='localstack_ext.providers:timestream_write', group='localstack.aws.provider')
2023-03-14T18:45:57.586 DEBUG --- [  MainThread] stevedore.extension        : found extension EntryPoint(name='transfer:pro', value='localstack_ext.providers:transfer', group='localstack.aws.provider')
2023-03-14T18:45:57.586 DEBUG --- [  MainThread] stevedore.extension        : found extension EntryPoint(name='xray:pro', value='localstack_ext.providers:xray', group='localstack.aws.provider')
2023-03-14T18:45:57.587 DEBUG --- [  MainThread] stevedore.extension        : found extension EntryPoint(name='_run_init_scripts_on_ready', value='localstack.runtime.init:_run_init_scripts_on_ready', group='localstack.hooks.on_infra_ready')
2023-03-14T18:45:57.587 DEBUG --- [  MainThread] stevedore.extension        : found extension EntryPoint(name='register_virtual_host_routes', value='localstack.services.s3.virtual_host:register_virtual_host_routes', group='localstack.hooks.on_infra_ready')
2023-03-14T18:45:57.604 DEBUG --- [  MainThread] stevedore.extension        : found extension EntryPoint(name='extensions_on_infra_ready', value='localstack_ext.extensions.plugins:extensions_on_infra_ready', group='localstack.hooks.on_infra_ready')
2023-03-14T18:45:57.604 DEBUG --- [  MainThread] stevedore.extension        : found extension EntryPoint(name='initialize_health_info', value='localstack_ext.plugins:initialize_health_info', group='localstack.hooks.on_infra_ready')
2023-03-14T18:45:57.604 DEBUG --- [  MainThread] plugin.manager             : instantiating plugin PluginSpec(localstack.hooks.on_infra_ready._run_init_scripts_on_ready = <function _run_init_scripts_on_ready at 0x7f8e9f794d30>)
2023-03-14T18:45:57.604 DEBUG --- [  MainThread] plugin.manager             : loading plugin localstack.hooks.on_infra_ready:_run_init_scripts_on_ready
2023-03-14T18:45:57.604 DEBUG --- [  MainThread] plugin.manager             : instantiating plugin PluginSpec(localstack.hooks.on_infra_ready.register_virtual_host_routes = <function register_virtual_host_routes at 0x7f8e81d31090>)
2023-03-14T18:45:57.605 DEBUG --- [  MainThread] plugin.manager             : plugin localstack.hooks.on_infra_ready:register_virtual_host_routes is disabled
2023-03-14T18:45:57.605 DEBUG --- [  MainThread] plugin.manager             : instantiating plugin PluginSpec(localstack.hooks.on_infra_ready.extensions_on_infra_ready = <function extensions_on_infra_ready at 0x7f8e9f7b0310>)
2023-03-14T18:45:57.605 DEBUG --- [  MainThread] plugin.manager             : plugin localstack.hooks.on_infra_ready:extensions_on_infra_ready is disabled
2023-03-14T18:45:57.605 DEBUG --- [  MainThread] plugin.manager             : instantiating plugin PluginSpec(localstack.hooks.on_infra_ready.initialize_health_info = <function initialize_health_info at 0x7f8e9f7976d0>)
2023-03-14T18:45:57.605 DEBUG --- [  MainThread] plugin.manager             : plugin localstack.hooks.on_infra_ready:initialize_health_info is disabled
2023-03-14T18:45:57.605 DEBUG --- [  MainThread] localstack.runtime.init    : Running READY script /etc/localstack/init/ready.d/init-aws.sh
2023-03-14T18:45:57.970 DEBUG --- [   asgi_gw_0] plugin.manager             : instantiating plugin PluginSpec(localstack.aws.provider.dynamodb:default = <function dynamodb at 0x7f8e82f9f130>)
2023-03-14T18:45:57.970 DEBUG --- [   asgi_gw_0] plugin.manager             : loading plugin localstack.aws.provider:dynamodb:default
2023-03-14T18:45:58.322 DEBUG --- [   asgi_gw_0] localstack.packages.api    : Installation of dynamodb-local skipped (already installed).
2023-03-14T18:45:58.322 DEBUG --- [   asgi_gw_0] l.services.dynamodb.server : starting dynamodb process ['java', '-Xmx256m', '-javaagent:/usr/lib/localstack/dynamodb-local/latest/ddb-local-loader-0.1.jar', '-Djava.library.path=/usr/lib/localstack/dynamodb-local/latest/DynamoDBLocal_lib', '-jar', '/usr/lib/localstack/dynamodb-local/latest/DynamoDBLocal.jar', '-port', '44777', '-dbPath', '/var/lib/localstack/state/dynamodb']
2023-03-14T18:45:58.323 DEBUG --- [-functhread8] localstack.utils.run       : Executing command: ['java', '-Xmx256m', '-javaagent:/usr/lib/localstack/dynamodb-local/latest/ddb-local-loader-0.1.jar', '-Djava.library.path=/usr/lib/localstack/dynamodb-local/latest/DynamoDBLocal_lib', '-jar', '/usr/lib/localstack/dynamodb-local/latest/DynamoDBLocal.jar', '-port', '44777', '-dbPath', '/var/lib/localstack/state/dynamodb']
2023-03-14T18:45:58.503  INFO --- [-functhread8] l.services.dynamodb.server : Initializing DynamoDB Local with the following configuration:
2023-03-14T18:45:58.503  INFO --- [-functhread8] l.services.dynamodb.server : Port:	44777
2023-03-14T18:45:58.503  INFO --- [-functhread8] l.services.dynamodb.server : InMemory:	false
2023-03-14T18:45:58.503  INFO --- [-functhread8] l.services.dynamodb.server : DbPath:	/var/lib/localstack/state/dynamodb
2023-03-14T18:45:58.503  INFO --- [-functhread8] l.services.dynamodb.server : SharedDb:	false
2023-03-14T18:45:58.503  INFO --- [-functhread8] l.services.dynamodb.server : shouldDelayTransientStatuses:	false
2023-03-14T18:45:58.503  INFO --- [-functhread8] l.services.dynamodb.server : CorsParams:	null
2023-03-14T18:45:58.517  INFO --- [-functhread8] l.services.dynamodb.server : 
2023-03-14T18:45:59.682 DEBUG --- [   asgi_gw_0] l.services.plugins         : checking service health dynamodb:4566
2023-03-14T18:45:59.683  INFO --- [   asgi_gw_0] localstack.utils.bootstrap : Execution of "require" took 1713.04ms
2023-03-14T18:45:59.883  INFO --- [   asgi_gw_0] localstack.request.aws     : AWS dynamodb.CreateTable => 200
2023-03-14T18:46:00.433 DEBUG --- [   asgi_gw_1] plugin.manager             : instantiating plugin PluginSpec(localstack.aws.provider.lambda:default = <function awslambda at 0x7f8e82f9fb50>)
2023-03-14T18:46:00.434 DEBUG --- [   asgi_gw_1] plugin.manager             : loading plugin localstack.aws.provider:lambda:default
2023-03-14T18:46:00.851  INFO --- [   asgi_gw_1] localstack.services.infra  : Starting mock Lambda service on http port 4566 ...
2023-03-14T18:46:01.439  INFO --- [   asgi_gw_1] localstack.utils.bootstrap : Execution of "require" took 1006.15ms
2023-03-14T18:46:01.493 DEBUG --- [functhread15] localstack.utils.run       : Executing command: ['unzip', '-o', '-q', '/var/lib/localstack/tmp/function.zipfile.5c51de61/original_lambda_archive.zip']
2023-03-14T18:46:01.554 DEBUG --- [functhread15] l.s.awslambda.lambda_api   : Function code initialization for function 'app' complete. State => Active (in 0.094s)
2023-03-14T18:46:01.973  INFO --- [   asgi_gw_1] localstack.request.aws     : AWS lambda.CreateFunction => 200
2023-03-14T18:46:27.132 DEBUG --- [uest_thread)] l.s.awslambda.lambda_api   : Running lambda arn:aws:lambda:us-east-1:000000000000:function:app
2023-03-14T18:46:27.569  INFO --- [uest_thread)] l.s.a.lambda_executors     : Empty event body specified for invocation of Lambda "arn:aws:lambda:us-east-1:000000000000:function:app"
2023-03-14T18:46:27.570 DEBUG --- [uest_thread)] l.u.c.container_client     : Getting networks for container: localstack_main
2023-03-14T18:46:27.573  INFO --- [uest_thread)] l.u.container_networking   : Unable to get network name of main container "localstack_main": localstack_main
2023-03-14T18:46:27.573 DEBUG --- [uest_thread)] l.u.c.container_client     : Getting ipv4 address for container localstack_main in network None.
2023-03-14T18:46:27.576  INFO --- [uest_thread)] l.u.container_networking   : Unable to get IP address of main Docker container "localstack_main": localstack_main
2023-03-14T18:46:27.576  INFO --- [uest_thread)] l.s.a.lambda_executors     : Running lambda: arn:aws:lambda:us-east-1:000000000000:function:app
2023-03-14T18:46:27.576 DEBUG --- [uest_thread)] stevedore.extension        : found extension EntryPoint(name='docker_separate_lambda_execution', value='localstack_ext.services.awslambda.lambda_launcher:docker_separate_lambda_execution', group='localstack.hooks.on_docker_separate_execution')
2023-03-14T18:46:27.577 ERROR --- [uest_thread)] plugin.manager             : error importing entrypoint EntryPoint(name='docker_separate_lambda_execution', value='localstack_ext.services.awslambda.lambda_launcher:docker_separate_lambda_execution', group='localstack.hooks.on_docker_separate_execution'): No module named 'localstack_ext.services.awslambda.lambda_launcher'
2023-03-14T18:46:27.577 DEBUG --- [uest_thread)] plugin.manager             : no extensions found in namespace localstack.hooks.on_docker_separate_execution
2023-03-14T18:46:27.577 DEBUG --- [uest_thread)] l.u.c.docker_sdk_client    : Creating container with attributes: {'mount_volumes': None, 'ports': <PortMappings: {}>, 'cap_add': None, 'cap_drop': None, 'security_opt': None, 'dns': '', 'additional_flags': '', 'workdir': None, 'privileged': None, 'labels': None, 'command': 'main', 'detach': False, 'entrypoint': None, 'env_vars': {'AWS_ACCESS_KEY_ID': 'test', 'AWS_SECRET_ACCESS_KEY': 'test', 'AWS_REGION': 'us-east-1', 'DOCKER_LAMBDA_USE_STDIN': '1', 'LOCALSTACK_HOSTNAME': '192.168.65.2', 'EDGE_PORT': '4566', '_HANDLER': 'main', 'AWS_LAMBDA_FUNCTION_TIMEOUT': '3', 'AWS_LAMBDA_FUNCTION_NAME': 'app', 'AWS_LAMBDA_FUNCTION_VERSION': '$LATEST', 'AWS_LAMBDA_FUNCTION_INVOKED_ARN': 'arn:aws:lambda:us-east-1:000000000000:function:app'}, 'image_name': 'lambci/lambda:go1.x', 'interactive': True, 'name': None, 'network': None, 'platform': None, 'remove': True, 'self': <localstack.utils.container_utils.docker_sdk_client.SdkDockerClient object at 0x7f8ea0743040>, 'tty': False, 'user': None}
2023-03-14T18:46:27.628 DEBUG --- [uest_thread)] l.u.c.docker_sdk_client    : Copying file /tmp/function.zipfile.5c51de61/. into 2d65dd01b6318f36bc7fa74dca07cd9d93dc420e90a3951f5056b09355f87617:/var/task
2023-03-14T18:46:27.903 DEBUG --- [uest_thread)] l.u.c.docker_sdk_client    : Starting container 2d65dd01b6318f36bc7fa74dca07cd9d93dc420e90a3951f5056b09355f87617
2023-03-14T18:46:28.250 DEBUG --- [uest_thread)] l.s.a.lambda_executors     : Lambda arn:aws:lambda:us-east-1:000000000000:function:app result / log output:
{"statusCode":200,"headers":null,"multiValueHeaders":null,"body":"Hello, World from aws"}
>[32mSTART RequestId: b8e452eb-e390-14ec-8489-a7e1a7031b1c Version: $LATEST[0m
> Processing request data for request .
> Body size = 0.
> [32mEND RequestId: b8e452eb-e390-14ec-8489-a7e1a7031b1c[0m
> [32mREPORT RequestId: b8e452eb-e390-14ec-8489-a7e1a7031b1c	Init Duration: 55.40 ms	Duration: 3.61 ms	Billed Duration: 4 ms	Memory Size: 1536 MB	Max Memory Used: 10 MB	[0m
2023-03-14T18:46:28.264 DEBUG --- [   asgi_gw_1] plugin.manager             : instantiating plugin PluginSpec(localstack.aws.provider.logs:default = <function logs at 0x7f8e82f9feb0>)
2023-03-14T18:46:28.264 DEBUG --- [   asgi_gw_1] plugin.manager             : loading plugin localstack.aws.provider:logs:default
2023-03-14T18:46:28.276 DEBUG --- [   asgi_gw_1] l.services.plugins         : checking service health logs:4566
2023-03-14T18:46:28.373 DEBUG --- [   asgi_gw_1] plugin.manager             : instantiating plugin PluginSpec(localstack.aws.provider.cloudwatch:default = <function cloudwatch at 0x7f8e82f9f010>)
2023-03-14T18:46:28.373 DEBUG --- [   asgi_gw_1] plugin.manager             : loading plugin localstack.aws.provider:cloudwatch:default
2023-03-14T18:46:28.382 DEBUG --- [   asgi_gw_1] l.services.plugins         : checking service health cloudwatch:4566
2023-03-14T18:46:28.412 DEBUG --- [uest_thread)] l.s.awslambda.lambda_api   : Lambda invocation duration: 1280.52ms
2023-03-14T18:46:28.415  INFO --- [   asgi_gw_0] localstack.request.aws     : AWS lambda.Invoke => 200
2023-03-14T19:05:35.252  INFO --- [   asgi_gw_1] localstack.request.aws     : AWS dynamodb.ListTables => 200
2023-03-14T19:05:37.146  INFO --- [   asgi_gw_0] localstack.request.aws     : AWS dynamodb.Scan => 200
2023-03-14T19:05:37.212  INFO --- [   asgi_gw_1] localstack.request.aws     : AWS dynamodb.DescribeTable => 200
